[debug] [2023-07-26T07:08:37.407Z] ----------------------------------------------------------------------
[debug] [2023-07-26T07:08:37.412Z] Command:       C:\Program Files\nodejs\node.exe C:\Users\prudvi\AppData\Roaming\npm\node_modules\firebase-tools\lib\bin\firebase.js init
[debug] [2023-07-26T07:08:37.413Z] CLI Version:   12.4.6
[debug] [2023-07-26T07:08:37.415Z] Platform:      win32
[debug] [2023-07-26T07:08:37.416Z] Node Version:  v18.14.2
[debug] [2023-07-26T07:08:37.418Z] Time:          Wed Jul 26 2023 12:38:37 GMT+0530 (India Standard Time)
[debug] [2023-07-26T07:08:37.418Z] ----------------------------------------------------------------------
[debug] 
[debug] [2023-07-26T07:08:37.439Z] > command requires scopes: ["email","openid","https://www.googleapis.com/auth/cloudplatformprojects.readonly","https://www.googleapis.com/auth/firebase","https://www.googleapis.com/auth/cloud-platform"]
[debug] [2023-07-26T07:08:37.442Z] > authorizing via signed-in user (prudvipalvai14@gmail.com)
[info] 
     ######## #### ########  ######## ########     ###     ######  ########
     ##        ##  ##     ## ##       ##     ##  ##   ##  ##       ##
     ######    ##  ########  ######   ########  #########  ######  ######
     ##        ##  ##    ##  ##       ##     ## ##     ##       ## ##
     ##       #### ##     ## ######## ########  ##     ##  ######  ########

You're about to initialize a Firebase project in this directory:

  C:\Users\prudvi\OneDrive\Desktop\firebase-pracitce\my-app

[info] 
=== Project Setup
[info] 
[info] First, let's associate this project directory with a Firebase project.
[info] You can create multiple project aliases by running firebase use --add, 
[info] but for now we'll just set up a default project.
[info] 
[debug] [2023-07-26T07:14:31.142Z] >>> [apiv2][query] GET https://firebase.googleapis.com/v1beta1/projects pageSize=100
[debug] [2023-07-26T07:14:32.224Z] <<< [apiv2][status] GET https://firebase.googleapis.com/v1beta1/projects 200
[debug] [2023-07-26T07:14:32.225Z] <<< [apiv2][body] GET https://firebase.googleapis.com/v1beta1/projects [omitted]
[info] i  Using project fir-pracitce-9079c (firebase-pracitce) 
[info] 
=== Hosting Setup
[info] 
[info] Your public directory is the folder (relative to your project directory) that
[info] will contain Hosting assets to be uploaded with firebase deploy. If you
[info] have a build process for your assets, use your build's output directory.
[info] 
[info] +  Wrote public/404.html 
[debug] [2023-07-26T07:16:05.984Z] >>> [apiv2][query] GET https://www.gstatic.com/firebasejs/releases.json [none]
[debug] [2023-07-26T07:16:06.317Z] <<< [apiv2][status] GET https://www.gstatic.com/firebasejs/releases.json 200
[debug] [2023-07-26T07:16:06.317Z] <<< [apiv2][body] GET https://www.gstatic.com/firebasejs/releases.json {"current":{"version":"10.1.0","browserURL":"https://www.gstatic.com/firebasejs/10.1.0/firebase.js","packageURL":"https://www.gstatic.com/firebasejs/10.1.0/firebase.tgz"},"live":{"version":"10.1","browserURL":"https://www.gstatic.com/firebasejs/live/10.1/firebase.js","packageURL":"https://www.gstatic.com/firebasejs/live/10.1/firebase.tgz"},"components":{"analytics":"https://www.gstatic.com/firebasejs/10.1.0/firebase-analytics.js","app":"https://www.gstatic.com/firebasejs/10.1.0/firebase-app.js","app-check":"https://www.gstatic.com/firebasejs/10.1.0/firebase-app-check.js","auth":"https://www.gstatic.com/firebasejs/10.1.0/firebase-auth.js","auth/cordova":"https://www.gstatic.com/firebasejs/10.1.0/firebase-auth/cordova.js","functions":"https://www.gstatic.com/firebasejs/10.1.0/firebase-functions.js","firestore":"https://www.gstatic.com/firebasejs/10.1.0/firebase-firestore.js","firestore/lite":"https://www.gstatic.com/firebasejs/10.1.0/firebase-firestore/lite.js","installations":"https://www.gstatic.com/firebasejs/10.1.0/firebase-installations.js","storage":"https://www.gstatic.com/firebasejs/10.1.0/firebase-storage.js","performance":"https://www.gstatic.com/firebasejs/10.1.0/firebase-performance.js","remote-config":"https://www.gstatic.com/firebasejs/10.1.0/firebase-remote-config.js","messaging":"https://www.gstatic.com/firebasejs/10.1.0/firebase-messaging.js","messaging/sw":"https://www.gstatic.com/firebasejs/10.1.0/firebase-messaging/sw.js","database":"https://www.gstatic.com/firebasejs/10.1.0/firebase-database.js","firestore.memory":"https://www.gstatic.com/firebasejs/10.1.0/firebase-firestore.memory.js"}}
[info] i  Skipping write of public/index.html 
[info] 
[info] i  Detected a .git folder at C:\Users\prudvi 
[info] i  Authorizing with GitHub to upload your service account to a GitHub repository's secrets store. 
[info] 
[info] Visit this URL on this device to log in:
[info] https://github.com/login/oauth/authorize?client_id=89cf50f02ac6aaed3484&state=311831746&redirect_uri=http%3A%2F%2Flocalhost%3A9005&scope=read%3Auser%20repo%20public_repo
[info] 
[info] Waiting for authentication...
[debug] [2023-07-26T07:16:30.351Z] >>> [apiv2][query] POST https://github.com/login/oauth/access_token [none]
[debug] [2023-07-26T07:16:30.351Z] >>> [apiv2][body] POST https://github.com/login/oauth/access_token [stream]
[debug] [2023-07-26T07:16:30.895Z] <<< [apiv2][status] POST https://github.com/login/oauth/access_token 200
[debug] [2023-07-26T07:16:30.895Z] <<< [apiv2][body] POST https://github.com/login/oauth/access_token {"access_token":"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","token_type":"bearer","scope":"read:user,repo"}
[debug] [2023-07-26T07:16:30.909Z] >>> [apiv2][query] GET https://api.github.com/user [none]
[debug] [2023-07-26T07:16:31.735Z] <<< [apiv2][status] GET https://api.github.com/user 200
[debug] [2023-07-26T07:16:31.735Z] <<< [apiv2][body] GET https://api.github.com/user {"login":"Palvaiprudvi17","id":133834261,"node_id":"U_kgDOB_omFQ","avatar_url":"https://avatars.githubusercontent.com/u/133834261?v=4","gravatar_id":"","url":"https://api.github.com/users/Palvaiprudvi17","html_url":"https://github.com/Palvaiprudvi17","followers_url":"https://api.github.com/users/Palvaiprudvi17/followers","following_url":"https://api.github.com/users/Palvaiprudvi17/following{/other_user}","gists_url":"https://api.github.com/users/Palvaiprudvi17/gists{/gist_id}","starred_url":"https://api.github.com/users/Palvaiprudvi17/starred{/owner}{/repo}","subscriptions_url":"https://api.github.com/users/Palvaiprudvi17/subscriptions","organizations_url":"https://api.github.com/users/Palvaiprudvi17/orgs","repos_url":"https://api.github.com/users/Palvaiprudvi17/repos","events_url":"https://api.github.com/users/Palvaiprudvi17/events{/privacy}","received_events_url":"https://api.github.com/users/Palvaiprudvi17/received_events","type":"User","site_admin":false,"name":null,"company":null,"blog":"","location":null,"email":null,"hireable":null,"bio":null,"twitter_username":null,"public_repos":2,"public_gists":0,"followers":0,"following":0,"created_at":"2023-05-17T02:38:33Z","updated_at":"2023-07-26T06:59:14Z","private_gists":0,"total_private_repos":0,"owned_private_repos":0,"disk_usage":0,"collaborators":0,"two_factor_authentication":false,"plan":{"name":"free","space":976562499,"collaborators":0,"private_repos":10000}}
[info] 
[info] +  Success! Logged into GitHub as Palvaiprudvi17 
[info] 
